<?xml version="1.0" encoding="UTF-8"?>
<testng-results ignored="0" total="1" passed="1" failed="0" skipped="0">
  <reporter-output>
  </reporter-output>
  <suite started-at="2021-06-05T19:48:55 IST" name="Default suite" finished-at="2021-06-05T19:49:45 IST" duration-ms="50590">
    <groups>
    </groups>
    <test started-at="2021-06-05T19:48:55 IST" name="Default test" finished-at="2021-06-05T19:49:45 IST" duration-ms="50590">
      <class name="Nupur.NewMavenProject1.FirstTest">
        <test-method is-config="true" signature="beforeClass()[pri:0, instance:Nupur.NewMavenProject1.FirstTest@2f177a4b]" started-at="2021-06-05T19:48:55 IST" name="beforeClass" finished-at="2021-06-05T19:49:30 IST" duration-ms="35532" status="PASS">
          <reporter-output>
          </reporter-output>
        </test-method> <!-- beforeClass -->
        <test-method signature="verifySearchButton()[pri:0, instance:Nupur.NewMavenProject1.FirstTest@2f177a4b]" started-at="2021-06-05T19:49:30 IST" name="verifySearchButton" finished-at="2021-06-05T19:49:38 IST" duration-ms="7204" status="PASS">
          <reporter-output>
          </reporter-output>
        </test-method> <!-- verifySearchButton -->
        <test-method is-config="true" signature="afterClass()[pri:0, instance:Nupur.NewMavenProject1.FirstTest@2f177a4b]" started-at="2021-06-05T19:49:38 IST" name="afterClass" finished-at="2021-06-05T19:49:45 IST" duration-ms="7703" status="PASS">
          <reporter-output>
          </reporter-output>
        </test-method> <!-- afterClass -->
      </class> <!-- Nupur.NewMavenProject1.FirstTest -->
    </test> <!-- Default test -->
  </suite> <!-- Default suite -->
</testng-results>
